<?xml version="1.0" encoding="UTF-8"?>
<testsuite name="com.jojoldu.book.springboot.web.IndexControllerTest" tests="1" skipped="0" failures="0" errors="0" timestamp="2020-02-26T10:58:52" hostname="gim-ujaeui-MacBookPro.local" time="0.259">
  <properties/>
  <testcase name="메인페이지_로딩" classname="com.jojoldu.book.springboot.web.IndexControllerTest" time="0.259"/>
  <system-out><![CDATA[2020-02-26 19:58:35.346  INFO 12626 --- [    Test worker] .b.t.c.SpringBootTestContextBootstrapper : Neither @ContextConfiguration nor @ContextHierarchy found for test class [com.jojoldu.book.springboot.web.IndexControllerTest], using SpringBootContextLoader
2020-02-26 19:58:35.347  INFO 12626 --- [    Test worker] o.s.t.c.support.AbstractContextLoader    : Could not detect default resource locations for test class [com.jojoldu.book.springboot.web.IndexControllerTest]: no resource found for suffixes {-context.xml, Context.groovy}.
2020-02-26 19:58:35.348  INFO 12626 --- [    Test worker] t.c.s.AnnotationConfigContextLoaderUtils : Could not detect default configuration classes for test class [com.jojoldu.book.springboot.web.IndexControllerTest]: IndexControllerTest does not declare any static, non-private, non-final, nested classes annotated with @Configuration.
2020-02-26 19:58:35.355  INFO 12626 --- [    Test worker] .b.t.c.SpringBootTestContextBootstrapper : Found @SpringBootConfiguration com.jojoldu.book.springboot.Application for test class com.jojoldu.book.springboot.web.IndexControllerTest
2020-02-26 19:58:35.357  INFO 12626 --- [    Test worker] .b.t.c.SpringBootTestContextBootstrapper : Loaded default TestExecutionListener class names from location [META-INF/spring.factories]: [org.springframework.security.test.context.support.WithSecurityContextTestExecutionListener, org.springframework.security.test.context.support.ReactorContextTestExecutionListener, org.springframework.boot.test.autoconfigure.restdocs.RestDocsTestExecutionListener, org.springframework.boot.test.autoconfigure.web.client.MockRestServiceServerResetTestExecutionListener, org.springframework.boot.test.autoconfigure.web.servlet.MockMvcPrintOnlyOnFailureTestExecutionListener, org.springframework.boot.test.autoconfigure.web.servlet.WebDriverTestExecutionListener, org.springframework.boot.test.mock.mockito.MockitoTestExecutionListener, org.springframework.boot.test.mock.mockito.ResetMocksTestExecutionListener, org.springframework.test.context.web.ServletTestExecutionListener, org.springframework.test.context.support.DirtiesContextBeforeModesTestExecutionListener, org.springframework.test.context.support.DependencyInjectionTestExecutionListener, org.springframework.test.context.support.DirtiesContextTestExecutionListener, org.springframework.test.context.transaction.TransactionalTestExecutionListener, org.springframework.test.context.jdbc.SqlScriptsTestExecutionListener]
2020-02-26 19:58:35.359  INFO 12626 --- [    Test worker] .b.t.c.SpringBootTestContextBootstrapper : Using TestExecutionListeners: [org.springframework.test.context.web.ServletTestExecutionListener@78816461, org.springframework.test.context.support.DirtiesContextBeforeModesTestExecutionListener@2a415393, org.springframework.boot.test.mock.mockito.MockitoTestExecutionListener@7c221d37, org.springframework.boot.test.autoconfigure.SpringBootDependencyInjectionTestExecutionListener@1a81573a, org.springframework.test.context.support.DirtiesContextTestExecutionListener@69d08a67, org.springframework.test.context.transaction.TransactionalTestExecutionListener@49ad9105, org.springframework.test.context.jdbc.SqlScriptsTestExecutionListener@258ae6a2, org.springframework.security.test.context.support.WithSecurityContextTestExecutionListener@35225dae, org.springframework.security.test.context.support.ReactorContextTestExecutionListener@584c7adf, org.springframework.boot.test.autoconfigure.restdocs.RestDocsTestExecutionListener@7dcced6a, org.springframework.boot.test.autoconfigure.web.client.MockRestServiceServerResetTestExecutionListener@f01bb87, org.springframework.boot.test.autoconfigure.web.servlet.MockMvcPrintOnlyOnFailureTestExecutionListener@286948e4, org.springframework.boot.test.autoconfigure.web.servlet.WebDriverTestExecutionListener@13c855b4, org.springframework.boot.test.mock.mockito.ResetMocksTestExecutionListener@9f54d1a]

  .   ____          _            __ _ _
 /\\ / ___'_ __ _ _(_)_ __  __ _ \ \ \ \
( ( )\___ | '_ | '_| | '_ \/ _` | \ \ \ \
 \\/  ___)| |_)| | | | | || (_| |  ) ) ) )
  '  |____| .__|_| |_|_| |_\__, | / / / /
 =========|_|==============|___/=/_/_/_/
 :: Spring Boot ::        (v2.1.7.RELEASE)

2020-02-26 19:58:50.411  INFO 12626 --- [    Test worker] c.j.b.s.web.IndexControllerTest          : Starting IndexControllerTest on gim-ujaeui-MacBookPro.local with PID 12626 (started by gim-ujae in /Users/gim-ujae/Documents/git/book/projects/freelec-springboot2-webservice)
2020-02-26 19:58:50.412  INFO 12626 --- [    Test worker] c.j.b.s.web.IndexControllerTest          : No active profile set, falling back to default profiles: default
2020-02-26 19:58:50.644  INFO 12626 --- [    Test worker] .s.d.r.c.RepositoryConfigurationDelegate : Bootstrapping Spring Data repositories in DEFAULT mode.
2020-02-26 19:58:50.663  INFO 12626 --- [    Test worker] .s.d.r.c.RepositoryConfigurationDelegate : Finished Spring Data repository scanning in 18ms. Found 2 repository interfaces.
2020-02-26 19:58:50.757  INFO 12626 --- [    Test worker] trationDelegate$BeanPostProcessorChecker : Bean 'org.springframework.transaction.annotation.ProxyTransactionManagementConfiguration' of type [org.springframework.transaction.annotation.ProxyTransactionManagementConfiguration$$EnhancerBySpringCGLIB$$41d99cf7] is not eligible for getting processed by all BeanPostProcessors (for example: not eligible for auto-proxying)
2020-02-26 19:58:51.040  INFO 12626 --- [    Test worker] o.s.b.w.embedded.tomcat.TomcatWebServer  : Tomcat initialized with port(s): 0 (http)
2020-02-26 19:58:51.076  INFO 12626 --- [    Test worker] o.apache.catalina.core.StandardService   : Starting service [Tomcat]
2020-02-26 19:58:51.076  INFO 12626 --- [    Test worker] org.apache.catalina.core.StandardEngine  : Starting Servlet engine: [Apache Tomcat/9.0.22]
2020-02-26 19:58:51.249  INFO 12626 --- [    Test worker] o.a.c.c.C.[Tomcat].[localhost].[/]       : Initializing Spring embedded WebApplicationContext
2020-02-26 19:58:51.250  INFO 12626 --- [    Test worker] o.s.web.context.ContextLoader            : Root WebApplicationContext: initialization completed in 836 ms
2020-02-26 19:58:51.416  INFO 12626 --- [    Test worker] com.zaxxer.hikari.HikariDataSource       : HikariPool-2 - Starting...
2020-02-26 19:58:51.417  INFO 12626 --- [    Test worker] com.zaxxer.hikari.HikariDataSource       : HikariPool-2 - Start completed.
2020-02-26 19:58:51.456  INFO 12626 --- [    Test worker] o.hibernate.jpa.internal.util.LogHelper  : HHH000204: Processing PersistenceUnitInfo [
	name: default
	...]
2020-02-26 19:58:51.467  INFO 12626 --- [    Test worker] org.hibernate.dialect.Dialect            : HHH000400: Using dialect: org.hibernate.dialect.MySQL5Dialect
Hibernate: drop table if exists posts
Hibernate: drop table if exists user
Hibernate: create table posts (id bigint not null auto_increment, created_date datetime, modified_date datetime, author varchar(255), content TEXT not null, title varchar(500) not null, primary key (id)) engine=MyISAM
Hibernate: create table user (id bigint not null auto_increment, created_date datetime, modified_date datetime, email varchar(255) not null, name varchar(255) not null, picture varchar(255), role varchar(255) not null, primary key (id)) engine=MyISAM
2020-02-26 19:58:51.540  INFO 12626 --- [    Test worker] o.h.t.schema.internal.SchemaCreatorImpl  : HHH000476: Executing import script 'org.hibernate.tool.schema.internal.exec.ScriptSourceInputNonExistentImpl@786a2cc5'
2020-02-26 19:58:51.541  INFO 12626 --- [    Test worker] j.LocalContainerEntityManagerFactoryBean : Initialized JPA EntityManagerFactory for persistence unit 'default'
2020-02-26 19:58:51.909  INFO 12626 --- [    Test worker] o.h.h.i.QueryTranslatorFactoryInitiator  : HHH000397: Using ASTQueryTranslatorFactory
2020-02-26 19:58:52.116  INFO 12626 --- [    Test worker] o.s.s.web.DefaultSecurityFilterChain     : Creating filter chain: any request, [org.springframework.security.web.context.request.async.WebAsyncManagerIntegrationFilter@6a028a34, org.springframework.security.web.context.SecurityContextPersistenceFilter@5ef81962, org.springframework.security.web.header.HeaderWriterFilter@4eda620c, org.springframework.security.web.authentication.logout.LogoutFilter@4d2388c0, org.springframework.security.oauth2.client.web.OAuth2AuthorizationRequestRedirectFilter@252bb82e, org.springframework.security.oauth2.client.web.OAuth2LoginAuthenticationFilter@6878e1e, org.springframework.security.web.authentication.ui.DefaultLoginPageGeneratingFilter@538ea8da, org.springframework.security.web.authentication.ui.DefaultLogoutPageGeneratingFilter@20ebf32d, org.springframework.security.web.savedrequest.RequestCacheAwareFilter@46167a8f, org.springframework.security.web.servletapi.SecurityContextHolderAwareRequestFilter@5bc1aa43, org.springframework.security.web.authentication.AnonymousAuthenticationFilter@58f9c5d6, org.springframework.security.web.session.SessionManagementFilter@1d72a6bf, org.springframework.security.web.access.ExceptionTranslationFilter@23877e2c, org.springframework.security.web.access.intercept.FilterSecurityInterceptor@131b270e]
2020-02-26 19:58:52.311  INFO 12626 --- [    Test worker] o.s.s.concurrent.ThreadPoolTaskExecutor  : Initializing ExecutorService 'applicationTaskExecutor'
2020-02-26 19:58:52.324  WARN 12626 --- [    Test worker] aWebConfiguration$JpaWebMvcConfiguration : spring.jpa.open-in-view is enabled by default. Therefore, database queries may be performed during view rendering. Explicitly configure spring.jpa.open-in-view to disable this warning
2020-02-26 19:58:52.347  INFO 12626 --- [    Test worker] o.s.b.a.w.s.WelcomePageHandlerMapping    : Adding welcome page template: index
2020-02-26 19:58:52.608  INFO 12626 --- [    Test worker] s.a.ScheduledAnnotationBeanPostProcessor : No TaskScheduler/ScheduledExecutorService bean found for scheduled processing
2020-02-26 19:58:52.628  INFO 12626 --- [    Test worker] o.s.b.w.embedded.tomcat.TomcatWebServer  : Tomcat started on port(s): 52729 (http) with context path ''
2020-02-26 19:58:52.628  INFO 12626 --- [    Test worker] c.j.b.s.web.IndexControllerTest          : Started IndexControllerTest in 17.26 seconds (JVM running for 57.766)
2020-02-26 19:58:52.744  INFO 12626 --- [o-auto-1-exec-1] o.a.c.c.C.[Tomcat].[localhost].[/]       : Initializing Spring DispatcherServlet 'dispatcherServlet'
2020-02-26 19:58:52.744  INFO 12626 --- [o-auto-1-exec-1] o.s.web.servlet.DispatcherServlet        : Initializing Servlet 'dispatcherServlet'
2020-02-26 19:58:52.767  INFO 12626 --- [o-auto-1-exec-1] o.s.web.servlet.DispatcherServlet        : Completed initialization in 23 ms
Hibernate: select posts0_.id as id1_0_, posts0_.created_date as created_2_0_, posts0_.modified_date as modified3_0_, posts0_.author as author4_0_, posts0_.content as content5_0_, posts0_.title as title6_0_ from posts posts0_ order by posts0_.id DESC
]]></system-out>
  <system-err><![CDATA[]]></system-err>
</testsuite>
