<?xml version="1.0" encoding="UTF-8"?>
<testsuite name="com.jojoldu.book.springboot.web.IndexControllerTest" tests="1" skipped="0" failures="0" errors="0" timestamp="2020-02-25T14:17:51" hostname="gim-ujaeui-MacBookPro.local" time="0.251">
  <properties/>
  <testcase name="메인페이지_로딩" classname="com.jojoldu.book.springboot.web.IndexControllerTest" time="0.251"/>
  <system-out><![CDATA[2020-02-25 23:17:33.947  INFO 10976 --- [    Test worker] .b.t.c.SpringBootTestContextBootstrapper : Neither @ContextConfiguration nor @ContextHierarchy found for test class [com.jojoldu.book.springboot.web.IndexControllerTest], using SpringBootContextLoader
2020-02-25 23:17:33.948  INFO 10976 --- [    Test worker] o.s.t.c.support.AbstractContextLoader    : Could not detect default resource locations for test class [com.jojoldu.book.springboot.web.IndexControllerTest]: no resource found for suffixes {-context.xml, Context.groovy}.
2020-02-25 23:17:33.948  INFO 10976 --- [    Test worker] t.c.s.AnnotationConfigContextLoaderUtils : Could not detect default configuration classes for test class [com.jojoldu.book.springboot.web.IndexControllerTest]: IndexControllerTest does not declare any static, non-private, non-final, nested classes annotated with @Configuration.
2020-02-25 23:17:33.949  INFO 10976 --- [    Test worker] .b.t.c.SpringBootTestContextBootstrapper : Found @SpringBootConfiguration com.jojoldu.book.springboot.Application for test class com.jojoldu.book.springboot.web.IndexControllerTest
2020-02-25 23:17:33.950  INFO 10976 --- [    Test worker] .b.t.c.SpringBootTestContextBootstrapper : Loaded default TestExecutionListener class names from location [META-INF/spring.factories]: [org.springframework.security.test.context.support.WithSecurityContextTestExecutionListener, org.springframework.security.test.context.support.ReactorContextTestExecutionListener, org.springframework.boot.test.autoconfigure.restdocs.RestDocsTestExecutionListener, org.springframework.boot.test.autoconfigure.web.client.MockRestServiceServerResetTestExecutionListener, org.springframework.boot.test.autoconfigure.web.servlet.MockMvcPrintOnlyOnFailureTestExecutionListener, org.springframework.boot.test.autoconfigure.web.servlet.WebDriverTestExecutionListener, org.springframework.boot.test.mock.mockito.MockitoTestExecutionListener, org.springframework.boot.test.mock.mockito.ResetMocksTestExecutionListener, org.springframework.test.context.web.ServletTestExecutionListener, org.springframework.test.context.support.DirtiesContextBeforeModesTestExecutionListener, org.springframework.test.context.support.DependencyInjectionTestExecutionListener, org.springframework.test.context.support.DirtiesContextTestExecutionListener, org.springframework.test.context.transaction.TransactionalTestExecutionListener, org.springframework.test.context.jdbc.SqlScriptsTestExecutionListener]
2020-02-25 23:17:33.953  INFO 10976 --- [    Test worker] .b.t.c.SpringBootTestContextBootstrapper : Using TestExecutionListeners: [org.springframework.test.context.web.ServletTestExecutionListener@190593dd, org.springframework.test.context.support.DirtiesContextBeforeModesTestExecutionListener@fc848a, org.springframework.boot.test.mock.mockito.MockitoTestExecutionListener@1a3f9183, org.springframework.boot.test.autoconfigure.SpringBootDependencyInjectionTestExecutionListener@12a7e22c, org.springframework.test.context.support.DirtiesContextTestExecutionListener@278910de, org.springframework.test.context.transaction.TransactionalTestExecutionListener@43351871, org.springframework.test.context.jdbc.SqlScriptsTestExecutionListener@25602a1d, org.springframework.security.test.context.support.WithSecurityContextTestExecutionListener@87b0a1f, org.springframework.security.test.context.support.ReactorContextTestExecutionListener@671be42e, org.springframework.boot.test.autoconfigure.restdocs.RestDocsTestExecutionListener@c068e2c, org.springframework.boot.test.autoconfigure.web.client.MockRestServiceServerResetTestExecutionListener@28926d73, org.springframework.boot.test.autoconfigure.web.servlet.MockMvcPrintOnlyOnFailureTestExecutionListener@7869b18c, org.springframework.boot.test.autoconfigure.web.servlet.WebDriverTestExecutionListener@40eb003b, org.springframework.boot.test.mock.mockito.ResetMocksTestExecutionListener@782491e4]

  .   ____          _            __ _ _
 /\\ / ___'_ __ _ _(_)_ __  __ _ \ \ \ \
( ( )\___ | '_ | '_| | '_ \/ _` | \ \ \ \
 \\/  ___)| |_)| | | | | || (_| |  ) ) ) )
  '  |____| .__|_| |_|_| |_\__, | / / / /
 =========|_|==============|___/=/_/_/_/
 :: Spring Boot ::        (v2.1.7.RELEASE)

2020-02-25 23:17:48.996  INFO 10976 --- [    Test worker] c.j.b.s.web.IndexControllerTest          : Starting IndexControllerTest on gim-ujaeui-MacBookPro.local with PID 10976 (started by gim-ujae in /Users/gim-ujae/Documents/git/book/projects/freelec-springboot2-webservice)
2020-02-25 23:17:48.997  INFO 10976 --- [    Test worker] c.j.b.s.web.IndexControllerTest          : No active profile set, falling back to default profiles: default
2020-02-25 23:17:49.198  INFO 10976 --- [    Test worker] .s.d.r.c.RepositoryConfigurationDelegate : Bootstrapping Spring Data repositories in DEFAULT mode.
2020-02-25 23:17:49.214  INFO 10976 --- [    Test worker] .s.d.r.c.RepositoryConfigurationDelegate : Finished Spring Data repository scanning in 16ms. Found 2 repository interfaces.
2020-02-25 23:17:49.310  INFO 10976 --- [    Test worker] trationDelegate$BeanPostProcessorChecker : Bean 'org.springframework.transaction.annotation.ProxyTransactionManagementConfiguration' of type [org.springframework.transaction.annotation.ProxyTransactionManagementConfiguration$$EnhancerBySpringCGLIB$$98512c0e] is not eligible for getting processed by all BeanPostProcessors (for example: not eligible for auto-proxying)
2020-02-25 23:17:49.587  INFO 10976 --- [    Test worker] o.s.b.w.embedded.tomcat.TomcatWebServer  : Tomcat initialized with port(s): 0 (http)
2020-02-25 23:17:49.621  INFO 10976 --- [    Test worker] o.apache.catalina.core.StandardService   : Starting service [Tomcat]
2020-02-25 23:17:49.622  INFO 10976 --- [    Test worker] org.apache.catalina.core.StandardEngine  : Starting Servlet engine: [Apache Tomcat/9.0.22]
2020-02-25 23:17:49.788  INFO 10976 --- [    Test worker] o.a.c.c.C.[Tomcat].[localhost].[/]       : Initializing Spring embedded WebApplicationContext
2020-02-25 23:17:49.788  INFO 10976 --- [    Test worker] o.s.web.context.ContextLoader            : Root WebApplicationContext: initialization completed in 789 ms
2020-02-25 23:17:49.951  INFO 10976 --- [    Test worker] com.zaxxer.hikari.HikariDataSource       : HikariPool-2 - Starting...
2020-02-25 23:17:49.952  INFO 10976 --- [    Test worker] com.zaxxer.hikari.HikariDataSource       : HikariPool-2 - Start completed.
2020-02-25 23:17:49.986  INFO 10976 --- [    Test worker] o.hibernate.jpa.internal.util.LogHelper  : HHH000204: Processing PersistenceUnitInfo [
	name: default
	...]
2020-02-25 23:17:49.993  INFO 10976 --- [    Test worker] org.hibernate.dialect.Dialect            : HHH000400: Using dialect: org.hibernate.dialect.MySQL5Dialect
Hibernate: drop table if exists posts
Hibernate: drop table if exists user
Hibernate: create table posts (id bigint not null auto_increment, created_date datetime, modified_date datetime, author varchar(255), content TEXT not null, title varchar(500) not null, primary key (id)) engine=MyISAM
Hibernate: create table user (id bigint not null auto_increment, created_date datetime, modified_date datetime, email varchar(255) not null, name varchar(255) not null, picture varchar(255), role varchar(255) not null, primary key (id)) engine=MyISAM
2020-02-25 23:17:50.048  INFO 10976 --- [    Test worker] o.h.t.schema.internal.SchemaCreatorImpl  : HHH000476: Executing import script 'org.hibernate.tool.schema.internal.exec.ScriptSourceInputNonExistentImpl@70f5d71b'
2020-02-25 23:17:50.048  INFO 10976 --- [    Test worker] j.LocalContainerEntityManagerFactoryBean : Initialized JPA EntityManagerFactory for persistence unit 'default'
2020-02-25 23:17:50.352  INFO 10976 --- [    Test worker] o.h.h.i.QueryTranslatorFactoryInitiator  : HHH000397: Using ASTQueryTranslatorFactory
2020-02-25 23:17:50.517  INFO 10976 --- [    Test worker] o.s.s.web.DefaultSecurityFilterChain     : Creating filter chain: any request, [org.springframework.security.web.context.request.async.WebAsyncManagerIntegrationFilter@65358414, org.springframework.security.web.context.SecurityContextPersistenceFilter@5191bc7a, org.springframework.security.web.header.HeaderWriterFilter@5c94b1f2, org.springframework.security.web.authentication.logout.LogoutFilter@124c2235, org.springframework.security.oauth2.client.web.OAuth2AuthorizationRequestRedirectFilter@e5b8ac6, org.springframework.security.oauth2.client.web.OAuth2LoginAuthenticationFilter@1bdc6087, org.springframework.security.web.authentication.ui.DefaultLoginPageGeneratingFilter@4ee235ff, org.springframework.security.web.authentication.ui.DefaultLogoutPageGeneratingFilter@6fc3184d, org.springframework.security.web.savedrequest.RequestCacheAwareFilter@4fae5160, org.springframework.security.web.servletapi.SecurityContextHolderAwareRequestFilter@36cc7246, org.springframework.security.web.authentication.AnonymousAuthenticationFilter@3d1ca2c9, org.springframework.security.web.session.SessionManagementFilter@3529bfe7, org.springframework.security.web.access.ExceptionTranslationFilter@f12366e, org.springframework.security.web.access.intercept.FilterSecurityInterceptor@4d58f493]
2020-02-25 23:17:50.713  INFO 10976 --- [    Test worker] o.s.s.concurrent.ThreadPoolTaskExecutor  : Initializing ExecutorService 'applicationTaskExecutor'
2020-02-25 23:17:50.732  WARN 10976 --- [    Test worker] aWebConfiguration$JpaWebMvcConfiguration : spring.jpa.open-in-view is enabled by default. Therefore, database queries may be performed during view rendering. Explicitly configure spring.jpa.open-in-view to disable this warning
2020-02-25 23:17:50.762  INFO 10976 --- [    Test worker] o.s.b.a.w.s.WelcomePageHandlerMapping    : Adding welcome page template: index
2020-02-25 23:17:51.050  INFO 10976 --- [    Test worker] s.a.ScheduledAnnotationBeanPostProcessor : No TaskScheduler/ScheduledExecutorService bean found for scheduled processing
2020-02-25 23:17:51.071  INFO 10976 --- [    Test worker] o.s.b.w.embedded.tomcat.TomcatWebServer  : Tomcat started on port(s): 49908 (http) with context path ''
2020-02-25 23:17:51.073  INFO 10976 --- [    Test worker] c.j.b.s.web.IndexControllerTest          : Started IndexControllerTest in 17.117 seconds (JVM running for 56.633)
2020-02-25 23:17:51.219  INFO 10976 --- [o-auto-1-exec-1] o.a.c.c.C.[Tomcat].[localhost].[/]       : Initializing Spring DispatcherServlet 'dispatcherServlet'
2020-02-25 23:17:51.219  INFO 10976 --- [o-auto-1-exec-1] o.s.web.servlet.DispatcherServlet        : Initializing Servlet 'dispatcherServlet'
2020-02-25 23:17:51.246  INFO 10976 --- [o-auto-1-exec-1] o.s.web.servlet.DispatcherServlet        : Completed initialization in 27 ms
Hibernate: select posts0_.id as id1_0_, posts0_.created_date as created_2_0_, posts0_.modified_date as modified3_0_, posts0_.author as author4_0_, posts0_.content as content5_0_, posts0_.title as title6_0_ from posts posts0_ order by posts0_.id DESC
]]></system-out>
  <system-err><![CDATA[]]></system-err>
</testsuite>
